<?xml version="1.0" encoding="UTF-8"?>
<!-- Generated by org.testng.reporters.JUnitReportReporter -->
<testsuite name="selenium.NewTest" tests="5" time="134.867" ignored="0" failures="0" timestamp="02 Jan 2020 07:29:34 GMT" skipped="0" hostname="QAPLANET-PC" errors="0">
  <testcase name="cheakbox" time="13.006" classname="selenium.NewTest"/>
  <testcase name="listfield" time="46.485" classname="selenium.NewTest"/>
  <testcase name="multilist" time="23.831" classname="selenium.NewTest"/>
  <testcase name="button" time="41.386" classname="selenium.NewTest"/>
  <testcase name="radiobutton" time="10.159" classname="selenium.NewTest"/>
</testsuite> <!-- selenium.NewTest -->
