<?xml version="1.0" encoding="UTF-8"?>
<!-- Generated by org.testng.reporters.JUnitReportReporter -->
<testsuite name="selenium.dummyTest" tests="1" time="29.082" ignored="0" failures="0" timestamp="02 Jan 2020 07:26:51 GMT" skipped="0" hostname="QAPLANET-PC" errors="0">
  <testcase name="f" time="29.082" classname="selenium.dummyTest"/>
</testsuite> <!-- selenium.dummyTest -->
