<?xml version="1.0" encoding="UTF-8"?>
<!-- Generated by org.testng.reporters.JUnitReportReporter -->
<testsuite name="selenium.NewTest" tests="2" time="33.029" ignored="0" failures="0" timestamp="02 Jan 2020 06:31:59 GMT" skipped="0" hostname="QAPLANET-PC" errors="0">
  <testcase name="cheakbox" time="15.578" classname="selenium.NewTest"/>
  <testcase name="radiobutton" time="17.451" classname="selenium.NewTest"/>
</testsuite> <!-- selenium.NewTest -->
